<?xml version="1.0" encoding="UTF-8"?>
<!-- Generated by org.testng.reporters.JUnitXMLReporter -->
<testsuite ignored="0" hostname="BA-000460566" failures="0" tests="5" name="User SignUp Test" time="9.606" errors="0" timestamp="2023-03-13T21:10:05 IST">
  <testcase classname="com.telus.testcases.ParaBankSignUp" name="launchApplicaton" time="7.112"/>
  <testcase classname="com.telus.testcases.ParaBankSignUp" name="navigatestoSignUpForm" time="0.772"/>
  <testcase classname="com.telus.testcases.ParaBankSignUp" name="fillingAndSubmittingSignUpForm" time="1.453"/>
  <testcase classname="com.telus.testcases.ParaBankSignUp" name="validatingSuccessfullMsg" time="0.042"/>
  <testcase classname="com.telus.testcases.ParaBankSignUp" name="closeApplication" time="0.186"/>
</testsuite> <!-- User SignUp Test -->
