<?xml version="1.0" encoding="UTF-8"?>
<!-- Generated by org.testng.reporters.JUnitXMLReporter -->
<testsuite ignored="0" hostname="BA-000460566" failures="0" tests="5" name="Default test" time="9.029" errors="0" timestamp="2023-03-13T20:41:38 IST">
  <testcase classname="com.telus.testcases.ParaBankSignUp" name="launchApplicaton" time="6.482"/>
  <testcase classname="com.telus.testcases.ParaBankSignUp" name="navigatestoSignUpForm" time="0.776"/>
  <testcase classname="com.telus.testcases.ParaBankSignUp" name="fillingAndSubmittingSignUpForm" time="1.464"/>
  <testcase classname="com.telus.testcases.ParaBankSignUp" name="validatingSuccessfullMsg" time="0.04"/>
  <testcase classname="com.telus.testcases.ParaBankSignUp" name="closeApplication" time="0.221"/>
</testsuite> <!-- Default test -->
